# . # # # # # . 
# . M # . . @ . 
# . . # . . . . 
. . # . . # . # 
# . . . # # . . 
. # . . . . . . 
. . . . . . . . 
test, currentNode = 1, 6
test, currentNode = 2, 6
test, currentNode = 1, 5
test, currentNode = 1, 7
test, currentNode = 3, 6
test, currentNode = 2, 5
test, currentNode = 2, 7
test, currentNode = 2, 5
test, currentNode = 1, 4
test, currentNode = 0, 7
test, currentNode = 2, 6
test, currentNode = 4, 6
test, currentNode = 1, 5
test, currentNode = 2, 4
test, currentNode = 2, 6
test, currentNode = 1, 7
test, currentNode = 1, 5
test, currentNode = 2, 4
test, currentNode = 2, 4
test, currentNode = 1, 7
test, currentNode = 3, 6
test, currentNode = 2, 5
test, currentNode = 2, 7
test, currentNode = 3, 6
test, currentNode = 5, 6
test, currentNode = 4, 7
test, currentNode = 2, 5
test, currentNode = 1, 4
test, currentNode = 1, 4
test, currentNode = 3, 4
test, currentNode = 2, 7
test, currentNode = 0, 7
test, currentNode = 1, 4
test, currentNode = 1, 4
test, currentNode = 3, 4
test, currentNode = 1, 4
test, currentNode = 3, 4
test, currentNode = 0, 7
test, currentNode = 2, 6
test, currentNode = 4, 6
test, currentNode = 1, 5
test, currentNode = 2, 4
test, currentNode = 2, 6
test, currentNode = 1, 7
test, currentNode = 2, 6
test, currentNode = 2, 6
test, currentNode = 4, 6
test, currentNode = 4, 6
test, currentNode = 6, 6
test, currentNode = 5, 5
test, currentNode = 5, 7
test, currentNode = 5, 7
test, currentNode = 4, 6
test, currentNode = 1, 5
test, currentNode = 2, 4
test, currentNode = 2, 4
test, currentNode = 3, 3
test, currentNode = 3, 3
test, currentNode = 3, 3
test, currentNode = 3, 6
test, currentNode = 2, 5
test, currentNode = 2, 7
test, currentNode = 3, 6
test, currentNode = 5, 6
test, currentNode = 4, 7
test, currentNode = 2, 5
test, currentNode = 1, 4
test, currentNode = 1, 4
test, currentNode = 3, 4
test, currentNode = 2, 5
test, currentNode = 3, 6
test, currentNode = 2, 5
test, currentNode = 2, 7
test, currentNode = 0, 7
test, currentNode = 2, 7
test, currentNode = 2, 5
test, currentNode = 2, 7
test, currentNode = 2, 7
test, currentNode = 5, 6
test, currentNode = 4, 7
test, currentNode = 4, 7
test, currentNode = 6, 5
test, currentNode = 6, 7
test, currentNode = 6, 5
test, currentNode = 5, 4
test, currentNode = 6, 7
test, currentNode = 6, 7
test, currentNode = 4, 3
test, currentNode = 4, 3
test, currentNode = 4, 3
test, currentNode = 2, 6
test, currentNode = 4, 6
test, currentNode = 1, 5
test, currentNode = 2, 4
test, currentNode = 2, 6
test, currentNode = 1, 7
test, currentNode = 2, 6
test, currentNode = 2, 6
test, currentNode = 4, 6
test, currentNode = 4, 6
test, currentNode = 6, 6
test, currentNode = 5, 5
test, currentNode = 5, 7
test, currentNode = 5, 7
test, currentNode = 4, 6
test, currentNode = 1, 5
test, currentNode = 2, 4
test, currentNode = 2, 6
test, currentNode = 2, 4
test, currentNode = 1, 5
test, currentNode = 2, 4
test, currentNode = 1, 5
test, currentNode = 2, 4
test, currentNode = 3, 3
test, currentNode = 1, 5
test, currentNode = 2, 4
test, currentNode = 1, 7
test, currentNode = 1, 7
test, currentNode = 6, 6
test, currentNode = 5, 5
test, currentNode = 5, 7
test, currentNode = 5, 7
test, currentNode = 5, 7
test, currentNode = 6, 4
test, currentNode = 6, 4
test, currentNode = 6, 4
test, currentNode = 5, 3
test, currentNode = 3, 3
test, currentNode = 5, 3
test, currentNode = 4, 2
test, currentNode = 3, 3
test, currentNode = 5, 3
test, currentNode = 4, 2
test, currentNode = 3, 3
test, currentNode = 5, 3
test, currentNode = 4, 2
test, currentNode = 3, 6
test, currentNode = 2, 5
test, currentNode = 2, 7
test, currentNode = 3, 6
test, currentNode = 5, 6
test, currentNode = 4, 7
test, currentNode = 2, 5
test, currentNode = 1, 4
test, currentNode = 1, 4
test, currentNode = 3, 4
test, currentNode = 2, 5
test, currentNode = 3, 6
test, currentNode = 2, 5
test, currentNode = 2, 7
test, currentNode = 0, 7
test, currentNode = 2, 7
test, currentNode = 3, 6
test, currentNode = 2, 5
test, currentNode = 2, 7
test, currentNode = 3, 6
test, currentNode = 2, 5
test, currentNode = 2, 7
test, currentNode = 3, 6
test, currentNode = 5, 6
test, currentNode = 4, 7
test, currentNode = 3, 6
test, currentNode = 5, 6
test, currentNode = 4, 7
test, currentNode = 5, 6
test, currentNode = 6, 5
test, currentNode = 6, 7
test, currentNode = 6, 5
test, currentNode = 5, 4
test, currentNode = 5, 6
test, currentNode = 4, 7
test, currentNode = 6, 7
test, currentNode = 5, 6
test, currentNode = 4, 7
test, currentNode = 6, 7
test, currentNode = 5, 6
test, currentNode = 5, 6
test, currentNode = 4, 7
test, currentNode = 1, 4
test, currentNode = 1, 4
test, currentNode = 3, 4
test, currentNode = 3, 4
test, currentNode = 4, 3
test, currentNode = 0, 7
test, currentNode = 6, 5
test, currentNode = 6, 7
test, currentNode = 6, 5
test, currentNode = 5, 4
test, currentNode = 6, 7
test, currentNode = 6, 7
test, currentNode = 6, 7
test, currentNode = 5, 4
test, currentNode = 6, 3
test, currentNode = 6, 5
test, currentNode = 5, 4
test, currentNode = 6, 3
test, currentNode = 6, 5
test, currentNode = 5, 4
test, currentNode = 6, 3
test, currentNode = 6, 5
test, currentNode = 4, 3
test, currentNode = 6, 3
test, currentNode = 5, 2
test, currentNode = 5, 4
test, currentNode = 4, 3
test, currentNode = 4, 3
test, currentNode = 6, 3
test, currentNode = 5, 2
test, currentNode = 5, 4
test, currentNode = 5, 2
test, currentNode = 4, 1
test, currentNode = 4, 3
test, currentNode = 4, 3
test, currentNode = 4, 3
test, currentNode = 6, 3
test, currentNode = 5, 2
test, currentNode = 5, 2
test, currentNode = 4, 1
test, currentNode = 4, 3
test, currentNode = 4, 3
test, currentNode = 4, 3
test, currentNode = 6, 3
test, currentNode = 5, 2
test, currentNode = 5, 2
test, currentNode = 4, 1
test, currentNode = 4, 3
test, currentNode = 2, 6
test, currentNode = 4, 6
test, currentNode = 1, 5
test, currentNode = 2, 4
test, currentNode = 2, 6
test, currentNode = 1, 7
test, currentNode = 2, 6
test, currentNode = 2, 6
test, currentNode = 4, 6
test, currentNode = 4, 6
test, currentNode = 6, 6
test, currentNode = 5, 5
test, currentNode = 5, 7
test, currentNode = 5, 7
test, currentNode = 4, 6
test, currentNode = 1, 5
test, currentNode = 2, 4
test, currentNode = 2, 6
test, currentNode = 2, 4
test, currentNode = 1, 5
test, currentNode = 2, 4
test, currentNode = 1, 5
test, currentNode = 2, 4
test, currentNode = 3, 3
test, currentNode = 1, 5
test, currentNode = 2, 4
test, currentNode = 2, 6
test, currentNode = 2, 6
test, currentNode = 4, 6
test, currentNode = 1, 5
test, currentNode = 2, 4
test, currentNode = 2, 6
test, currentNode = 1, 7
test, currentNode = 2, 6
test, currentNode = 1, 7
test, currentNode = 1, 7
test, currentNode = 2, 6
test, currentNode = 2, 6
test, currentNode = 4, 6
test, currentNode = 1, 5
test, currentNode = 2, 4
test, currentNode = 2, 6
test, currentNode = 1, 7
test, currentNode = 2, 6
test, currentNode = 2, 6
test, currentNode = 4, 6
test, currentNode = 1, 5
test, currentNode = 2, 4
test, currentNode = 2, 6
test, currentNode = 1, 7
test, currentNode = 2, 6
test, currentNode = 2, 6
test, currentNode = 4, 6
test, currentNode = 4, 6
test, currentNode = 6, 6
test, currentNode = 5, 5
test, currentNode = 5, 7
test, currentNode = 5, 7
test, currentNode = 4, 6
test, currentNode = 2, 6
test, currentNode = 4, 6
test, currentNode = 4, 6
test, currentNode = 6, 6
test, currentNode = 5, 5
test, currentNode = 5, 7
test, currentNode = 5, 7
test, currentNode = 6, 6
test, currentNode = 5, 5
test, currentNode = 5, 7
test, currentNode = 5, 5
test, currentNode = 6, 4
test, currentNode = 6, 6
test, currentNode = 5, 7
test, currentNode = 6, 6
test, currentNode = 5, 5
test, currentNode = 6, 4
test, currentNode = 6, 6
test, currentNode = 6, 4
test, currentNode = 5, 3
test, currentNode = 5, 5
test, currentNode = 5, 7
test, currentNode = 3, 3
test, currentNode = 3, 3
test, currentNode = 3, 3
test, currentNode = 5, 3
test, currentNode = 4, 2
test, currentNode = 6, 4
test, currentNode = 6, 4
test, currentNode = 6, 4
test, currentNode = 5, 3
test, currentNode = 6, 4
test, currentNode = 5, 3
test, currentNode = 5, 3
test, currentNode = 6, 2
test, currentNode = 6, 4
test, currentNode = 6, 4
test, currentNode = 6, 4
test, currentNode = 5, 3
test, currentNode = 5, 3
test, currentNode = 6, 2
test, currentNode = 6, 4
test, currentNode = 6, 4
test, currentNode = 6, 4
test, currentNode = 5, 3
test, currentNode = 5, 3
test, currentNode = 6, 2
test, currentNode = 6, 4
test, currentNode = 6, 4
test, currentNode = 5, 3
test, currentNode = 4, 2
test, currentNode = 5, 3
test, currentNode = 6, 2
test, currentNode = 6, 4
test, currentNode = 4, 2
test, currentNode = 6, 2
test, currentNode = 5, 3
test, currentNode = 6, 4
test, currentNode = 5, 3
test, currentNode = 5, 3
test, currentNode = 4, 2
test, currentNode = 5, 3
test, currentNode = 4, 2
test, currentNode = 5, 3
test, currentNode = 6, 2
test, currentNode = 6, 4
test, currentNode = 4, 2
test, currentNode = 6, 2
test, currentNode = 5, 3
test, currentNode = 6, 4
test, currentNode = 5, 3
test, currentNode = 4, 2
test, currentNode = 6, 2
test, currentNode = 5, 3
test, currentNode = 3, 1
test, currentNode = 4, 2
test, currentNode = 5, 3
test, currentNode = 4, 2
test, currentNode = 5, 3
test, currentNode = 4, 2
test, currentNode = 5, 3
test, currentNode = 4, 2
test, currentNode = 5, 3
test, currentNode = 6, 2
test, currentNode = 6, 4
test, currentNode = 4, 2
test, currentNode = 6, 2
test, currentNode = 5, 3
test, currentNode = 4, 2
test, currentNode = 6, 2
test, currentNode = 5, 3
test, currentNode = 3, 1
test, currentNode = 4, 2
test, currentNode = 5, 3
test, currentNode = 4, 2
test, currentNode = 5, 3
test, currentNode = 4, 2
test, currentNode = 5, 3
test, currentNode = 4, 2
test, currentNode = 5, 3
test, currentNode = 6, 2
test, currentNode = 4, 2
test, currentNode = 6, 2
test, currentNode = 4, 2
test, currentNode = 6, 2
test, currentNode = 3, 1
test, currentNode = 4, 2
test, currentNode = 4, 2
test, currentNode = 3, 6
test, currentNode = 2, 5
test, currentNode = 2, 7
test, currentNode = 3, 6
test, currentNode = 5, 6
test, currentNode = 4, 7
test, currentNode = 2, 5
test, currentNode = 1, 4
test, currentNode = 1, 4
test, currentNode = 3, 4
test, currentNode = 2, 5
test, currentNode = 3, 6
test, currentNode = 2, 5
test, currentNode = 2, 7
test, currentNode = 0, 7
test, currentNode = 2, 7
test, currentNode = 3, 6
test, currentNode = 2, 5
test, currentNode = 2, 7
test, currentNode = 3, 6
test, currentNode = 2, 5
test, currentNode = 2, 7
test, currentNode = 3, 6
test, currentNode = 5, 6
test, currentNode = 4, 7
test, currentNode = 3, 6
test, currentNode = 5, 6
test, currentNode = 4, 7
test, currentNode = 5, 6
test, currentNode = 6, 5
test, currentNode = 6, 7
test, currentNode = 6, 5
test, currentNode = 5, 4
test, currentNode = 5, 6
test, currentNode = 4, 7
test, currentNode = 6, 7
test, currentNode = 5, 6
test, currentNode = 4, 7
test, currentNode = 6, 7
test, currentNode = 5, 6
test, currentNode = 3, 6
test, currentNode = 5, 6
test, currentNode = 4, 7
test, currentNode = 2, 5
test, currentNode = 1, 4
test, currentNode = 1, 4
test, currentNode = 3, 4
test, currentNode = 2, 5
test, currentNode = 3, 6
test, currentNode = 2, 5
test, currentNode = 2, 7
test, currentNode = 1, 4
test, currentNode = 3, 4
test, currentNode = 2, 5
test, currentNode = 2, 5
test, currentNode = 1, 4
test, currentNode = 1, 4
test, currentNode = 3, 4
test, currentNode = 2, 5
test, currentNode = 2, 5
test, currentNode = 1, 4
test, currentNode = 1, 4
test, currentNode = 3, 4
test, currentNode = 2, 5
test, currentNode = 4, 3
test, currentNode = 3, 4
test, currentNode = 2, 5
test, currentNode = 1, 4
test, currentNode = 1, 4
test, currentNode = 3, 4
test, currentNode = 2, 5
test, currentNode = 3, 6
test, currentNode = 2, 5
test, currentNode = 2, 7
test, currentNode = 3, 6
test, currentNode = 2, 5
test, currentNode = 2, 7
test, currentNode = 3, 6
test, currentNode = 5, 6
test, currentNode = 4, 7
test, currentNode = 2, 5
test, currentNode = 1, 4
test, currentNode = 1, 4
test, currentNode = 3, 4
test, currentNode = 2, 5
test, currentNode = 3, 6
test, currentNode = 2, 5
test, currentNode = 2, 7
test, currentNode = 0, 7
test, currentNode = 2, 7
test, currentNode = 3, 6
test, currentNode = 2, 5
test, currentNode = 2, 7
test, currentNode = 0, 7
test, currentNode = 2, 7
test, currentNode = 0, 7
test, currentNode = 2, 7
test, currentNode = 3, 6
test, currentNode = 2, 5
test, currentNode = 2, 7
test, currentNode = 3, 6
test, currentNode = 2, 5
test, currentNode = 2, 7
test, currentNode = 3, 6
test, currentNode = 5, 6
test, currentNode = 4, 7
test, currentNode = 2, 5
test, currentNode = 1, 4
test, currentNode = 1, 4
test, currentNode = 3, 4
test, currentNode = 2, 5
test, currentNode = 3, 6
test, currentNode = 2, 5
test, currentNode = 2, 7
test, currentNode = 0, 7
test, currentNode = 2, 7
test, currentNode = 3, 6
test, currentNode = 2, 5
test, currentNode = 2, 7
test, currentNode = 3, 6
test, currentNode = 2, 5
test, currentNode = 2, 7
test, currentNode = 3, 6
test, currentNode = 5, 6
test, currentNode = 4, 7
test, currentNode = 1, 4
test, currentNode = 1, 4
test, currentNode = 3, 4
test, currentNode = 0, 7
test, currentNode = 6, 5
test, currentNode = 6, 7
test, currentNode = 6, 5
test, currentNode = 5, 4
test, currentNode = 6, 7
test, currentNode = 6, 7
test, currentNode = 6, 5
test, currentNode = 6, 7
test, currentNode = 6, 5
test, currentNode = 5, 4
test, currentNode = 6, 7
test, currentNode = 6, 7
test, currentNode = 6, 5
test, currentNode = 6, 7
test, currentNode = 6, 5
test, currentNode = 5, 4
test, currentNode = 6, 7
test, currentNode = 6, 5
test, currentNode = 5, 4
test, currentNode = 5, 4
test, currentNode = 6, 3
test, currentNode = 6, 5
test, currentNode = 6, 5
test, currentNode = 6, 7
test, currentNode = 6, 7
test, currentNode = 6, 7
test, currentNode = 5, 4
test, currentNode = 5, 4
test, currentNode = 6, 3
test, currentNode = 6, 3
test, currentNode = 4, 3
test, currentNode = 6, 3
test, currentNode = 5, 2
test, currentNode = 4, 3
test, currentNode = 4, 3
test, currentNode = 4, 3
test, currentNode = 4, 3
test, currentNode = 6, 3
test, currentNode = 5, 2
test, currentNode = 5, 2
test, currentNode = 4, 1
test, currentNode = 4, 3
test, currentNode = 6, 3
test, currentNode = 6, 3
test, currentNode = 6, 3
test, currentNode = 4, 3
test, currentNode = 6, 3
test, currentNode = 5, 2
test, currentNode = 6, 3
test, currentNode = 4, 3
test, currentNode = 6, 3
test, currentNode = 5, 2
test, currentNode = 4, 3
test, currentNode = 6, 3
test, currentNode = 5, 2
test, currentNode = 5, 2
test, currentNode = 6, 1
test, currentNode = 6, 3
test, currentNode = 6, 3
test, currentNode = 6, 3
test, currentNode = 6, 3
test, currentNode = 4, 3
test, currentNode = 6, 3
test, currentNode = 5, 2
test, currentNode = 4, 3
test, currentNode = 6, 3
test, currentNode = 5, 2
test, currentNode = 5, 2
test, currentNode = 6, 1
test, currentNode = 6, 3
test, currentNode = 6, 3
test, currentNode = 6, 3
test, currentNode = 6, 3
test, currentNode = 6, 3
test, currentNode = 5, 2
test, currentNode = 6, 3
test, currentNode = 5, 2
test, currentNode = 5, 2
test, currentNode = 6, 1
test, currentNode = 6, 3
test, currentNode = 6, 3
test, currentNode = 6, 3
test, currentNode = 6, 3
test, currentNode = 5, 2
test, currentNode = 5, 2
test, currentNode = 4, 1
test, currentNode = 6, 3
test, currentNode = 5, 2
test, currentNode = 5, 2
test, currentNode = 6, 1
test, currentNode = 6, 3
test, currentNode = 6, 3
test, currentNode = 5, 2
test, currentNode = 4, 1
test, currentNode = 5, 2
test, currentNode = 6, 1
test, currentNode = 6, 3
test, currentNode = 6, 3
test, currentNode = 5, 2
test, currentNode = 6, 3
test, currentNode = 6, 3
test, currentNode = 5, 2
test, currentNode = 6, 3
test, currentNode = 5, 2
test, currentNode = 5, 2
test, currentNode = 4, 1
test, currentNode = 6, 3
test, currentNode = 5, 2
test, currentNode = 5, 2
test, currentNode = 4, 1
test, currentNode = 6, 3
test, currentNode = 5, 2
test, currentNode = 5, 2
test, currentNode = 6, 1
test, currentNode = 6, 3
test, currentNode = 6, 3
test, currentNode = 5, 2
test, currentNode = 4, 1
test, currentNode = 5, 2
test, currentNode = 6, 1
test, currentNode = 6, 3
test, currentNode = 6, 3
test, currentNode = 5, 2
test, currentNode = 6, 3
test, currentNode = 6, 3
test, currentNode = 5, 2
test, currentNode = 5, 2
test, currentNode = 4, 1
test, currentNode = 5, 2
test, currentNode = 6, 1
test, currentNode = 6, 3
test, currentNode = 6, 3
test, currentNode = 5, 2
test, currentNode = 2, 1
test, currentNode = 4, 1
test, currentNode = 3, 0
test, currentNode = 5, 2
test, currentNode = 4, 1
test, currentNode = 6, 3
test, currentNode = 5, 2
test, currentNode = 5, 2
test, currentNode = 4, 1
test, currentNode = 6, 3
test, currentNode = 5, 2
test, currentNode = 5, 2
test, currentNode = 4, 1
test, currentNode = 6, 3
test, currentNode = 5, 2
test, currentNode = 5, 2
test, currentNode = 4, 1
test, currentNode = 6, 3
test, currentNode = 5, 2
test, currentNode = 5, 2
test, currentNode = 6, 1
test, currentNode = 6, 3
test, currentNode = 6, 3
test, currentNode = 5, 2
test, currentNode = 4, 1
test, currentNode = 5, 2
test, currentNode = 6, 1
test, currentNode = 6, 3
test, currentNode = 6, 3
test, currentNode = 5, 2
test, currentNode = 5, 2
test, currentNode = 4, 1
test, currentNode = 5, 2
test, currentNode = 6, 1
test, currentNode = 6, 3
test, currentNode = 6, 3
test, currentNode = 5, 2
test, currentNode = 2, 1
test, currentNode = 4, 1
test, currentNode = 3, 0
test, currentNode = 5, 2
test, currentNode = 4, 1
test, currentNode = 6, 3
test, currentNode = 5, 2
test, currentNode = 5, 2
test, currentNode = 4, 1
test, currentNode = 6, 3
test, currentNode = 5, 2
test, currentNode = 5, 2
test, currentNode = 4, 1
test, currentNode = 5, 2
test, currentNode = 5, 2
test, currentNode = 4, 1
test, currentNode = 5, 2
test, currentNode = 5, 2
test, currentNode = 6, 1
test, currentNode = 5, 2
test, currentNode = 4, 1
test, currentNode = 5, 2
test, currentNode = 6, 1
test, currentNode = 5, 2
test, currentNode = 4, 1
test, currentNode = 5, 2
test, currentNode = 6, 1
test, currentNode = 2, 1
test, currentNode = 4, 1
test, currentNode = 3, 0
test, currentNode = 4, 1
test, currentNode = 4, 1
test, currentNode = 2, 6
test, currentNode = 4, 6
test, currentNode = 1, 5
test, currentNode = 2, 4
test, currentNode = 2, 6
test, currentNode = 1, 7
test, currentNode = 2, 6
test, currentNode = 2, 6
test, currentNode = 4, 6
test, currentNode = 4, 6
test, currentNode = 6, 6
test, currentNode = 5, 5
test, currentNode = 5, 7
test, currentNode = 5, 7
test, currentNode = 4, 6
test, currentNode = 1, 5
test, currentNode = 2, 4
test, currentNode = 2, 6
test, currentNode = 2, 4
test, currentNode = 1, 5
test, currentNode = 2, 4
test, currentNode = 1, 5
test, currentNode = 2, 4
test, currentNode = 3, 3
test, currentNode = 1, 5
test, currentNode = 2, 4
test, currentNode = 2, 6
test, currentNode = 2, 6
test, currentNode = 4, 6
test, currentNode = 1, 5
test, currentNode = 2, 4
test, currentNode = 2, 6
test, currentNode = 1, 7
test, currentNode = 2, 6
test, currentNode = 1, 7
test, currentNode = 1, 7
test, currentNode = 2, 6
test, currentNode = 2, 6
test, currentNode = 4, 6
test, currentNode = 1, 5
test, currentNode = 2, 4
test, currentNode = 2, 6
test, currentNode = 1, 7
test, currentNode = 2, 6
test, currentNode = 2, 6
test, currentNode = 4, 6
test, currentNode = 1, 5
test, currentNode = 2, 4
test, currentNode = 2, 6
test, currentNode = 1, 7
test, currentNode = 2, 6
test, currentNode = 2, 6
test, currentNode = 4, 6
test, currentNode = 4, 6
test, currentNode = 6, 6
test, currentNode = 5, 5
test, currentNode = 5, 7
test, currentNode = 5, 7
test, currentNode = 4, 6
test, currentNode = 2, 6
test, currentNode = 4, 6
test, currentNode = 4, 6
test, currentNode = 6, 6
test, currentNode = 5, 5
test, currentNode = 5, 7
test, currentNode = 5, 7
test, currentNode = 4, 6
test, currentNode = 4, 6
test, currentNode = 6, 6
test, currentNode = 5, 5
test, currentNode = 5, 7
test, currentNode = 5, 5
test, currentNode = 6, 4
test, currentNode = 6, 6
test, currentNode = 5, 7
test, currentNode = 6, 6
test, currentNode = 5, 5
test, currentNode = 6, 4
test, currentNode = 6, 6
test, currentNode = 6, 4
test, currentNode = 5, 3
test, currentNode = 5, 5
test, currentNode = 4, 6
test, currentNode = 6, 6
test, currentNode = 5, 5
test, currentNode = 5, 7
test, currentNode = 5, 7
test, currentNode = 4, 6
test, currentNode = 5, 7
test, currentNode = 6, 6
test, currentNode = 4, 6
test, currentNode = 6, 6
test, currentNode = 5, 5
test, currentNode = 5, 7
test, currentNode = 5, 7
test, currentNode = 4, 6
test, currentNode = 5, 7
test, currentNode = 6, 6
test, currentNode = 4, 6
test, currentNode = 6, 6
test, currentNode = 5, 5
test, currentNode = 5, 7
test, currentNode = 2, 6
test, currentNode = 4, 6
test, currentNode = 4, 6
test, currentNode = 6, 6
test, currentNode = 5, 5
test, currentNode = 5, 7
test, currentNode = 5, 7
test, currentNode = 4, 6
test, currentNode = 1, 5
test, currentNode = 2, 4
test, currentNode = 2, 6
test, currentNode = 2, 4
test, currentNode = 1, 5
test, currentNode = 2, 4
test, currentNode = 1, 5
test, currentNode = 2, 4
test, currentNode = 3, 3
test, currentNode = 1, 5
test, currentNode = 2, 4
test, currentNode = 2, 6
test, currentNode = 2, 6
test, currentNode = 4, 6
test, currentNode = 1, 5
test, currentNode = 2, 4
test, currentNode = 2, 6
test, currentNode = 1, 7
test, currentNode = 2, 6
test, currentNode = 2, 4
test, currentNode = 1, 5
test, currentNode = 2, 4
test, currentNode = 3, 3
test, currentNode = 1, 5
test, currentNode = 2, 4
test, currentNode = 2, 6
test, currentNode = 1, 5
test, currentNode = 2, 4
test, currentNode = 2, 6
test, currentNode = 2, 4
test, currentNode = 1, 5
test, currentNode = 2, 4
test, currentNode = 1, 5
test, currentNode = 2, 4
test, currentNode = 3, 3
test, currentNode = 1, 5
test, currentNode = 2, 4
test, currentNode = 2, 6
test, currentNode = 1, 5
test, currentNode = 2, 4
test, currentNode = 2, 6
test, currentNode = 2, 4
test, currentNode = 1, 5
test, currentNode = 2, 4
test, currentNode = 1, 5
test, currentNode = 2, 4
test, currentNode = 3, 3
test, currentNode = 1, 5
test, currentNode = 2, 4
test, currentNode = 2, 6
test, currentNode = 3, 3
test, currentNode = 5, 3
test, currentNode = 4, 2
test, currentNode = 2, 4
test, currentNode = 3, 3
test, currentNode = 1, 5
test, currentNode = 2, 4
test, currentNode = 2, 6
test, currentNode = 2, 4
test, currentNode = 1, 5
test, currentNode = 2, 4
test, currentNode = 1, 5
test, currentNode = 2, 4
test, currentNode = 3, 3
test, currentNode = 1, 5
test, currentNode = 2, 4
test, currentNode = 2, 6
test, currentNode = 2, 6
test, currentNode = 4, 6
test, currentNode = 1, 5
test, currentNode = 2, 4
test, currentNode = 2, 6
test, currentNode = 1, 7
test, currentNode = 2, 6
test, currentNode = 2, 6
test, currentNode = 4, 6
test, currentNode = 1, 5
test, currentNode = 2, 4
test, currentNode = 2, 6
test, currentNode = 1, 7
test, currentNode = 2, 6
test, currentNode = 2, 6
test, currentNode = 4, 6
test, currentNode = 4, 6
test, currentNode = 6, 6
test, currentNode = 5, 5
test, currentNode = 5, 7
test, currentNode = 5, 7
test, currentNode = 4, 6
test, currentNode = 1, 5
test, currentNode = 2, 4
test, currentNode = 2, 6
test, currentNode = 2, 4
test, currentNode = 1, 5
test, currentNode = 2, 4
test, currentNode = 1, 5
test, currentNode = 2, 4
test, currentNode = 3, 3
test, currentNode = 1, 5
test, currentNode = 2, 4
test, currentNode = 2, 6
test, currentNode = 2, 6
test, currentNode = 4, 6
test, currentNode = 1, 5
test, currentNode = 2, 4
test, currentNode = 2, 6
test, currentNode = 1, 7
test, currentNode = 2, 6
test, currentNode = 1, 7
test, currentNode = 1, 7
test, currentNode = 2, 6
test, currentNode = 2, 6
test, currentNode = 4, 6
test, currentNode = 1, 5
test, currentNode = 2, 4
test, currentNode = 2, 6
test, currentNode = 1, 7
test, currentNode = 2, 6
test, currentNode = 1, 7
test, currentNode = 1, 7
test, currentNode = 2, 6
test, currentNode = 1, 7
test, currentNode = 1, 7
test, currentNode = 2, 6
test, currentNode = 2, 6
test, currentNode = 4, 6
test, currentNode = 1, 5
test, currentNode = 2, 4
test, currentNode = 1, 7
test, currentNode = 1, 7
test, currentNode = 6, 6
test, currentNode = 5, 5
test, currentNode = 5, 7
test, currentNode = 5, 7
test, currentNode = 3, 3
test, currentNode = 3, 3
test, currentNode = 6, 4
test, currentNode = 6, 4
test, currentNode = 6, 4
test, currentNode = 5, 3
test, currentNode = 6, 4
test, currentNode = 6, 4
test, currentNode = 6, 4
test, currentNode = 5, 3
test, currentNode = 6, 4
test, currentNode = 6, 4
test, currentNode = 6, 4
test, currentNode = 5, 3
test, currentNode = 6, 4
test, currentNode = 6, 4
test, currentNode = 5, 3
test, currentNode = 6, 4
test, currentNode = 5, 3
test, currentNode = 5, 3
test, currentNode = 6, 2
test, currentNode = 6, 4
test, currentNode = 6, 4
test, currentNode = 6, 4
test, currentNode = 6, 4
test, currentNode = 5, 3
test, currentNode = 6, 4
test, currentNode = 5, 3
test, currentNode = 5, 3
test, currentNode = 6, 2
test, currentNode = 6, 4
test, currentNode = 5, 3
test, currentNode = 6, 2
test, currentNode = 6, 4
test, currentNode = 5, 3
test, currentNode = 4, 2
test, currentNode = 5, 3
test, currentNode = 6, 2
test, currentNode = 6, 4
test, currentNode = 4, 2
test, currentNode = 6, 2
test, currentNode = 5, 3
test, currentNode = 5, 3
test, currentNode = 4, 2
test, currentNode = 5, 3
test, currentNode = 4, 2
test, currentNode = 5, 3
test, currentNode = 4, 2
test, currentNode = 5, 3
test, currentNode = 4, 2
test, currentNode = 5, 3
test, currentNode = 6, 2
test, currentNode = 6, 4
test, currentNode = 4, 2
test, currentNode = 6, 2
test, currentNode = 5, 3
test, currentNode = 4, 2
test, currentNode = 6, 2
test, currentNode = 5, 3
test, currentNode = 3, 1
test, currentNode = 4, 2
test, currentNode = 5, 3
test, currentNode = 4, 2
test, currentNode = 5, 3
test, currentNode = 6, 2
test, currentNode = 5, 3
test, currentNode = 6, 2
test, currentNode = 5, 3
test, currentNode = 6, 2
test, currentNode = 5, 3
test, currentNode = 4, 2
test, currentNode = 5, 3
test, currentNode = 6, 2
test, currentNode = 4, 2
test, currentNode = 6, 2
test, currentNode = 6, 2
test, currentNode = 4, 2
test, currentNode = 6, 2
test, currentNode = 4, 2
test, currentNode = 6, 2
test, currentNode = 4, 2
test, currentNode = 6, 2
test, currentNode = 4, 2
test, currentNode = 6, 2
test, currentNode = 4, 2
test, currentNode = 6, 2
test, currentNode = 6, 0
test, currentNode = 6, 2
test, currentNode = 6, 2
test, currentNode = 6, 2
test, currentNode = 6, 2
test, currentNode = 6, 2
test, currentNode = 4, 2
test, currentNode = 6, 2
test, currentNode = 4, 2
test, currentNode = 6, 2
test, currentNode = 4, 2
test, currentNode = 6, 2
test, currentNode = 4, 2
test, currentNode = 6, 2
test, currentNode = 4, 2
test, currentNode = 6, 2
test, currentNode = 6, 0
test, currentNode = 6, 2
test, currentNode = 6, 2
test, currentNode = 6, 2
test, currentNode = 6, 2
test, currentNode = 6, 2
test, currentNode = 6, 2
test, currentNode = 4, 2
test, currentNode = 6, 2
test, currentNode = 6, 2
test, currentNode = 4, 2
test, currentNode = 6, 2
test, currentNode = 4, 2
test, currentNode = 6, 2
test, currentNode = 6, 0
test, currentNode = 6, 2
test, currentNode = 6, 2
test, currentNode = 6, 2
test, currentNode = 6, 2
test, currentNode = 6, 2
test, currentNode = 4, 2
test, currentNode = 6, 2
test, currentNode = 4, 2
test, currentNode = 6, 2
test, currentNode = 3, 1
test, currentNode = 4, 2
test, currentNode = 6, 2
test, currentNode = 4, 2
test, currentNode = 6, 2
test, currentNode = 4, 2
test, currentNode = 6, 2
test, currentNode = 6, 0
test, currentNode = 6, 2
test, currentNode = 6, 2
test, currentNode = 6, 2
test, currentNode = 4, 2
test, currentNode = 6, 2
test, currentNode = 3, 1
test, currentNode = 4, 2
test, currentNode = 4, 2
test, currentNode = 6, 2
test, currentNode = 6, 0
test, currentNode = 6, 2
test, currentNode = 6, 2
test, currentNode = 6, 2
test, currentNode = 4, 2
test, currentNode = 6, 2
test, currentNode = 6, 2
test, currentNode = 6, 2
test, currentNode = 4, 2
test, currentNode = 6, 2
test, currentNode = 6, 2
test, currentNode = 4, 2
test, currentNode = 6, 2
test, currentNode = 4, 2
test, currentNode = 6, 2
test, currentNode = 3, 1
test, currentNode = 4, 2
test, currentNode = 6, 2
test, currentNode = 4, 2
test, currentNode = 6, 2
test, currentNode = 4, 2
test, currentNode = 6, 2
test, currentNode = 3, 1
test, currentNode = 4, 2
test, currentNode = 6, 2
test, currentNode = 4, 2
test, currentNode = 6, 2
test, currentNode = 4, 2
test, currentNode = 6, 2
test, currentNode = 6, 0
test, currentNode = 6, 2
test, currentNode = 6, 2
test, currentNode = 6, 2
test, currentNode = 6, 2
test, currentNode = 3, 1
test, currentNode = 6, 2
test, currentNode = 6, 0
test, currentNode = 6, 2
test, currentNode = 6, 2
test, currentNode = 6, 2
test, currentNode = 6, 2
test, currentNode = 6, 2
test, currentNode = 6, 2
test, currentNode = 6, 2
test, currentNode = 6, 2
test, currentNode = 3, 1
test, currentNode = 6, 2
test, currentNode = 6, 0
test, currentNode = 6, 2
test, currentNode = 6, 2
test, currentNode = 6, 2
test, currentNode = 6, 2
test, currentNode = 1, 1
20
